<?xml version="1.0" encoding="UTF-8"?>
<testng-results ignored="0" total="1" passed="1" failed="0" skipped="0">
  <reporter-output>
  </reporter-output>
  <suite started-at="2024-03-16T02:21:55 EDT" name="Default suite" finished-at="2024-03-16T02:22:03 EDT" duration-ms="7851">
    <groups>
    </groups>
    <test started-at="2024-03-16T02:21:55 EDT" name="Default test" finished-at="2024-03-16T02:22:03 EDT" duration-ms="7851">
      <class name="com.auto.testWebServices.testsimpleAPI">
        <test-method signature="test_get_static_Case02()[pri:0, instance:com.auto.testWebServices.testsimpleAPI@43dac38f]" started-at="2024-03-16T02:21:55 EDT" name="test_get_static_Case02" finished-at="2024-03-16T02:22:03 EDT" duration-ms="7609" status="PASS">
          <reporter-output>
          </reporter-output>
        </test-method> <!-- test_get_static_Case02 -->
      </class> <!-- com.auto.testWebServices.testsimpleAPI -->
    </test> <!-- Default test -->
  </suite> <!-- Default suite -->
</testng-results>
