<?xml version="1.0" encoding="UTF-8"?>
<!-- Generated by org.testng.reporters.JUnitXMLReporter -->
<testsuite ignored="1" hostname="DESKTOP-T9K4F2C" failures="0" tests="1" name="Default test" time="7.851" errors="0" timestamp="2024-03-16T02:22:03 EDT">
  <testcase classname="com.auto.testWebServices.testsimpleAPI" name="test_get_static_Case02" time="7.609"/>
  <testcase classname="com.auto.testWebServices.testsimpleAPI" name="test_get_Case01" time="0.0">
    <ignored/>
  </testcase> <!-- test_get_Case01 -->
</testsuite> <!-- Default test -->
